<?xml version="1.0" encoding="UTF-8"?>
<testsuite name="com.example.HelloWorldTest" tests="1" skipped="0" failures="0" errors="0" timestamp="2024-08-21T02:12:58" hostname="ChiadeMacBook-Air.local" time="0.004">
  <properties/>
  <testcase name="testGetGreeting" classname="com.example.HelloWorldTest" time="0.004"/>
  <system-out><![CDATA[]]></system-out>
  <system-err><![CDATA[]]></system-err>
</testsuite>
